<?xml version="1.0" encoding="UTF-8"?>
<!-- Generated by org.testng.reporters.JUnitReportReporter -->
<testsuite hostname="LAPTOP-N2A4GJ6Q" failures="0" tests="1" name="selenium_basics.Webdriver_Methods" time="8.724" errors="0" timestamp="2022-12-21T21:50:43 IST" skipped="0">
  <testcase classname="selenium_basics.Webdriver_Methods" name="webDriverMethods" time="8.724"/>
  <system-out/>
</testsuite> <!-- selenium_basics.Webdriver_Methods -->
