<?xml version="1.0" encoding="UTF-8"?>
<!-- Generated by org.testng.reporters.JUnitReportReporter -->
<testsuite hostname="LAPTOP-N2A4GJ6Q" failures="0" tests="1" name="selenium_basics.Login_Gmail" time="4.291" errors="0" timestamp="2022-12-21T21:15:52 IST" skipped="0">
  <testcase classname="selenium_basics.Login_Gmail" name="valid_Credentials" time="4.291"/>
  <system-out/>
</testsuite> <!-- selenium_basics.Login_Gmail -->
